{"numFailedTestSuites":0,"numFailedTests":0,"numPassedTestSuites":25,"numPassedTests":130,"numPendingTestSuites":0,"numPendingTests":0,"numRuntimeErrorTestSuites":0,"numTodoTests":0,"numTotalTestSuites":25,"numTotalTests":130,"openHandles":[],"snapshot":{"added":0,"didUpdate":false,"failure":false,"filesAdded":0,"filesRemoved":0,"filesRemovedList":[],"filesUnmatched":0,"filesUpdated":0,"matched":0,"total":0,"unchecked":0,"uncheckedKeysByFile":[],"unmatched":0,"updated":0},"startTime":1788310941170,"success":true,"testResults":[{"assertionResults":[{"ancestorTitles":["PostgresCreateTransactionRepository"],"duration":54,"failureDetails":[],"failureMessages":[],"fullName":"PostgresCreateTransactionRepository should create a transaction on db","invocations":1,"location":null,"numPassingAsserts":7,"retryReasons":[],"status":"passed","title":"should create a transaction on db"}],"endTime":1788310944721,"message":"","name":"/home/chakal/Desktop/DashFinTrack-api/src/repositories/postgres/transaction/create-transaction.test.js","startTime":1788310941206,"status":"passed","summary":""},{"assertionResults":[{"ancestorTitles":["CreateTransactionController"],"duration":39,"failureDetails":[],"failureMessages":[],"fullName":"CreateTransactionController should return 201 when a transaction is successfully created (expense)","invocations":1,"location":null,"numPassingAsserts":1,"retryReasons":[],"status":"passed","title":"should return 201 when a transaction is successfully created (expense)"},{"ancestorTitles":["CreateTransactionController"],"duration":2,"failureDetails":[],"failureMessages":[],"fullName":"CreateTransactionController should return 201 when a transaction is successfully created (earnings)","invocations":1,"location":null,"numPassingAsserts":1,"retryReasons":[],"status":"passed","title":"should return 201 when a transaction is successfully created (earnings)"},{"ancestorTitles":["CreateTransactionController"],"duration":2,"failureDetails":[],"failureMessages":[],"fullName":"CreateTransactionController should return 201 when a transaction is successfully created (investment)","invocations":1,"location":null,"numPassingAsserts":1,"retryReasons":[],"status":"passed","title":"should return 201 when a transaction is successfully created (investment)"},{"ancestorTitles":["CreateTransactionController"],"duration":11,"failureDetails":[],"failureMessages":[],"fullName":"CreateTransactionController should return 400 when missing user_id","invocations":1,"location":null,"numPassingAsserts":1,"retryReasons":[],"status":"passed","title":"should return 400 when missing user_id"},{"ancestorTitles":["CreateTransactionController"],"duration":3,"failureDetails":[],"failureMessages":[],"fullName":"CreateTransactionController should return 400 when missing name","invocations":1,"location":null,"numPassingAsserts":1,"retryReasons":[],"status":"passed","title":"should return 400 when missing name"},{"ancestorTitles":["CreateTransactionController"],"duration":4,"failureDetails":[],"failureMessages":[],"fullName":"CreateTransactionController should return 400 when missing date","invocations":1,"location":null,"numPassingAsserts":1,"retryReasons":[],"status":"passed","title":"should return 400 when missing date"},{"ancestorTitles":["CreateTransactionController"],"duration":2,"failureDetails":[],"failureMessages":[],"fullName":"CreateTransactionController should return 400 when missing type","invocations":1,"location":null,"numPassingAsserts":1,"retryReasons":[],"status":"passed","title":"should return 400 when missing type"},{"ancestorTitles":["CreateTransactionController"],"duration":3,"failureDetails":[],"failureMessages":[],"fullName":"CreateTransactionController should return 400 when missing amount","invocations":1,"location":null,"numPassingAsserts":1,"retryReasons":[],"status":"passed","title":"should return 400 when missing amount"},{"ancestorTitles":["CreateTransactionController"],"duration":3,"failureDetails":[],"failureMessages":[],"fullName":"CreateTransactionController should return 400 when date is invalid","invocations":1,"location":null,"numPassingAsserts":1,"retryReasons":[],"status":"passed","title":"should return 400 when date is invalid"},{"ancestorTitles":["CreateTransactionController"],"duration":2,"failureDetails":[],"failureMessages":[],"fullName":"CreateTransactionController should return 400 when type is invalid","invocations":1,"location":null,"numPassingAsserts":1,"retryReasons":[],"status":"passed","title":"should return 400 when type is invalid"},{"ancestorTitles":["CreateTransactionController"],"duration":4,"failureDetails":[],"failureMessages":[],"fullName":"CreateTransactionController should return 400 when amount is not a valid currency","invocations":1,"location":null,"numPassingAsserts":1,"retryReasons":[],"status":"passed","title":"should return 400 when amount is not a valid currency"},{"ancestorTitles":["CreateTransactionController"],"duration":4,"failureDetails":[],"failureMessages":[],"fullName":"CreateTransactionController should return 500 when CreateTransactionUseCase throws","invocations":1,"location":null,"numPassingAsserts":1,"retryReasons":[],"status":"passed","title":"should return 500 when CreateTransactionUseCase throws"},{"ancestorTitles":["CreateTransactionController"],"duration":4,"failureDetails":[],"failureMessages":[],"fullName":"CreateTransactionController should call CreateTransactionUseCase with correct params","invocations":1,"location":null,"numPassingAsserts":1,"retryReasons":[],"status":"passed","title":"should call CreateTransactionUseCase with correct params"}],"endTime":1788310944237,"message":"","name":"/home/chakal/Desktop/DashFinTrack-api/src/controllers/transaction/create-transaction.test.js","startTime":1788310944726,"status":"passed","summary":""},{"assertionResults":[{"ancestorTitles":["DeleteUserController"],"duration":33,"failureDetails":[],"failureMessages":[],"fullName":"DeleteUserController should return 200 if user is successfully deleted","invocations":1,"location":null,"numPassingAsserts":1,"retryReasons":[],"status":"passed","title":"should return 200 if user is successfully deleted"},{"ancestorTitles":["DeleteUserController"],"duration":2,"failureDetails":[],"failureMessages":[],"fullName":"DeleteUserController should return 400 if id is invalid","invocations":1,"location":null,"numPassingAsserts":1,"retryReasons":[],"status":"passed","title":"should return 400 if id is invalid"},{"ancestorTitles":["DeleteUserController"],"duration":3,"failureDetails":[],"failureMessages":[],"fullName":"DeleteUserController should return 404 if user is not found","invocations":1,"location":null,"numPassingAsserts":1,"retryReasons":[],"status":"passed","title":"should return 404 if user is not found"},{"ancestorTitles":["DeleteUserController"],"duration":2,"failureDetails":[],"failureMessages":[],"fullName":"DeleteUserController should return 500 if DeleteUserUseCase throws","invocations":1,"location":null,"numPassingAsserts":1,"retryReasons":[],"status":"passed","title":"should return 500 if DeleteUserUseCase throws"},{"ancestorTitles":["DeleteUserController"],"duration":4,"failureDetails":[],"failureMessages":[],"fullName":"DeleteUserController should call DeleteUserUseCase with correct params","invocations":1,"location":null,"numPassingAsserts":1,"retryReasons":[],"status":"passed","title":"should call DeleteUserUseCase with correct params"}],"endTime":1788310945753,"message":"","name":"/home/chakal/Desktop/DashFinTrack-api/src/controllers/user/delete-user.test.js","startTime":1788310944240,"status":"passed","summary":""},{"assertionResults":[{"ancestorTitles":["PostgresGetUserBalanceRepository"],"duration":49,"failureDetails":[],"failureMessages":[],"fullName":"PostgresGetUserBalanceRepository should get the user balance from the db","invocations":1,"location":null,"numPassingAsserts":4,"retryReasons":[],"status":"passed","title":"should get the user balance from the db"},{"ancestorTitles":["PostgresGetUserBalanceRepository"],"duration":9,"failureDetails":[],"failureMessages":[],"fullName":"PostgresGetUserBalanceRepository should call Prisma with correct parameters","invocations":1,"location":null,"numPassingAsserts":4,"retryReasons":[],"status":"passed","title":"should call Prisma with correct parameters"},{"ancestorTitles":["PostgresGetUserBalanceRepository"],"duration":11,"failureDetails":[],"failureMessages":[],"fullName":"PostgresGetUserBalanceRepository should throw if Prisma throws","invocations":1,"location":null,"numPassingAsserts":1,"retryReasons":[],"status":"passed","title":"should throw if Prisma throws"}],"endTime":1788310947149,"message":"","name":"/home/chakal/Desktop/DashFinTrack-api/src/repositories/postgres/user/get-user-balance.test.js","startTime":1788310945756,"status":"passed","summary":""},{"assertionResults":[{"ancestorTitles":["PostgresDeleteUserRepository"],"duration":52,"failureDetails":[],"failureMessages":[],"fullName":"PostgresDeleteUserRepository should delete a user from the db","invocations":1,"location":null,"numPassingAsserts":1,"retryReasons":[],"status":"passed","title":"should delete a user from the db"},{"ancestorTitles":["PostgresDeleteUserRepository"],"duration":10,"failureDetails":[],"failureMessages":[],"fullName":"PostgresDeleteUserRepository should call Prisma with correct parameters","invocations":1,"location":null,"numPassingAsserts":1,"retryReasons":[],"status":"passed","title":"should call Prisma with correct parameters"}],"endTime":1788310948584,"message":"","name":"/home/chakal/Desktop/DashFinTrack-api/src/repositories/postgres/user/delete-user.test.js","startTime":1788310947152,"status":"passed","summary":""},{"assertionResults":[{"ancestorTitles":["Create User Controller"],"duration":42,"failureDetails":[],"failureMessages":[],"fullName":"Create User Controller should create a new user successfully","invocations":1,"location":null,"numPassingAsserts":2,"retryReasons":[],"status":"passed","title":"should create a new user successfully"},{"ancestorTitles":["Create User Controller"],"duration":3,"failureDetails":[],"failureMessages":[],"fullName":"Create User Controller should return 400 if first_name is not provided","invocations":1,"location":null,"numPassingAsserts":1,"retryReasons":[],"status":"passed","title":"should return 400 if first_name is not provided"},{"ancestorTitles":["Create User Controller"],"duration":3,"failureDetails":[],"failureMessages":[],"fullName":"Create User Controller should return 400 if last_name is not provided","invocations":1,"location":null,"numPassingAsserts":1,"retryReasons":[],"status":"passed","title":"should return 400 if last_name is not provided"},{"ancestorTitles":["Create User Controller"],"duration":3,"failureDetails":[],"failureMessages":[],"fullName":"Create User Controller should return 400 if email is not provided","invocations":1,"location":null,"numPassingAsserts":1,"retryReasons":[],"status":"passed","title":"should return 400 if email is not provided"},{"ancestorTitles":["Create User Controller"],"duration":3,"failureDetails":[],"failureMessages":[],"fullName":"Create User Controller should return 400 if email is not valid","invocations":1,"location":null,"numPassingAsserts":1,"retryReasons":[],"status":"passed","title":"should return 400 if email is not valid"},{"ancestorTitles":["Create User Controller"],"duration":4,"failureDetails":[],"failureMessages":[],"fullName":"Create User Controller should return 400 if password is not provided","invocations":1,"location":null,"numPassingAsserts":1,"retryReasons":[],"status":"passed","title":"should return 400 if password is not provided"},{"ancestorTitles":["Create User Controller"],"duration":2,"failureDetails":[],"failureMessages":[],"fullName":"Create User Controller should return 400 if less than 6 characters in password","invocations":1,"location":null,"numPassingAsserts":1,"retryReasons":[],"status":"passed","title":"should return 400 if less than 6 characters in password"},{"ancestorTitles":["Create User Controller"],"duration":4,"failureDetails":[],"failureMessages":[],"fullName":"Create User Controller should call CreateUserUseCase with correct parameters","invocations":1,"location":null,"numPassingAsserts":1,"retryReasons":[],"status":"passed","title":"should call CreateUserUseCase with correct parameters"},{"ancestorTitles":[],"duration":2,"failureDetails":[],"failureMessages":[],"fullName":"should return 500 if CreateUserUseCase throws","invocations":1,"location":null,"numPassingAsserts":1,"retryReasons":[],"status":"passed","title":"should return 500 if CreateUserUseCase throws"},{"ancestorTitles":[],"duration":3,"failureDetails":[],"failureMessages":[],"fullName":"should return 400 if CreateUserUseCase throws EmailIsAlreadyInUseError","invocations":1,"location":null,"numPassingAsserts":1,"retryReasons":[],"status":"passed","title":"should return 400 if CreateUserUseCase throws EmailIsAlreadyInUseError"}],"endTime":1788310950056,"message":"","name":"/home/chakal/Desktop/DashFinTrack-api/src/controllers/user/create-user.test.js","startTime":1788310948592,"status":"passed","summary":""},{"assertionResults":[{"ancestorTitles":["DeleteTransactionController"],"duration":32,"failureDetails":[],"failureMessages":[],"fullName":"DeleteTransactionController should return 200 when a transaction is successfully deleted","invocations":1,"location":null,"numPassingAsserts":1,"retryReasons":[],"status":"passed","title":"should return 200 when a transaction is successfully deleted"},{"ancestorTitles":["DeleteTransactionController"],"duration":3,"failureDetails":[],"failureMessages":[],"fullName":"DeleteTransactionController should return 400 when Id is invalid","invocations":1,"location":null,"numPassingAsserts":1,"retryReasons":[],"status":"passed","title":"should return 400 when Id is invalid"},{"ancestorTitles":["DeleteTransactionController"],"duration":2,"failureDetails":[],"failureMessages":[],"fullName":"DeleteTransactionController should return 404 when Transaction is not found","invocations":1,"location":null,"numPassingAsserts":1,"retryReasons":[],"status":"passed","title":"should return 404 when Transaction is not found"},{"ancestorTitles":["DeleteTransactionController"],"duration":3,"failureDetails":[],"failureMessages":[],"fullName":"DeleteTransactionController should return 500 when DeleteTransactionUseCase throws","invocations":1,"location":null,"numPassingAsserts":1,"retryReasons":[],"status":"passed","title":"should return 500 when DeleteTransactionUseCase throws"},{"ancestorTitles":["DeleteTransactionController"],"duration":4,"failureDetails":[],"failureMessages":[],"fullName":"DeleteTransactionController should call DeleteTransactionUseCase with correct params","invocations":1,"location":null,"numPassingAsserts":1,"retryReasons":[],"status":"passed","title":"should call DeleteTransactionUseCase with correct params"}],"endTime":1788310951494,"message":"","name":"/home/chakal/Desktop/DashFinTrack-api/src/controllers/transaction/delete-transaction.test.js","startTime":1788310950059,"status":"passed","summary":""},{"assertionResults":[{"ancestorTitles":["GetUserBalanceUseCase"],"duration":40,"failureDetails":[],"failureMessages":[],"fullName":"GetUserBalanceUseCase should get the user balance","invocations":1,"location":null,"numPassingAsserts":1,"retryReasons":[],"status":"passed","title":"should get the user balance"},{"ancestorTitles":["GetUserBalanceUseCase"],"duration":10,"failureDetails":[],"failureMessages":[],"fullName":"GetUserBalanceUseCase should throw UserNotFoundError if PostgresGetUserByIdRepository returns null","invocations":1,"location":null,"numPassingAsserts":1,"retryReasons":[],"status":"passed","title":"should throw UserNotFoundError if PostgresGetUserByIdRepository returns null"},{"ancestorTitles":["GetUserBalanceUseCase"],"duration":4,"failureDetails":[],"failureMessages":[],"fullName":"GetUserBalanceUseCase should call PostgresGetUserBalanceRepository with the correct userId","invocations":1,"location":null,"numPassingAsserts":1,"retryReasons":[],"status":"passed","title":"should call PostgresGetUserBalanceRepository with the correct userId"},{"ancestorTitles":["GetUserBalanceUseCase"],"duration":4,"failureDetails":[],"failureMessages":[],"fullName":"GetUserBalanceUseCase should call PostgresGetUserByIdRepository with the correct userId","invocations":1,"location":null,"numPassingAsserts":1,"retryReasons":[],"status":"passed","title":"should call PostgresGetUserByIdRepository with the correct userId"},{"ancestorTitles":["GetUserBalanceUseCase"],"duration":14,"failureDetails":[],"failureMessages":[],"fullName":"GetUserBalanceUseCase should throw if PostgresGetUserBalanceRepository throws","invocations":1,"location":null,"numPassingAsserts":1,"retryReasons":[],"status":"passed","title":"should throw if PostgresGetUserBalanceRepository throws"},{"ancestorTitles":["GetUserBalanceUseCase"],"duration":2,"failureDetails":[],"failureMessages":[],"fullName":"GetUserBalanceUseCase should throw if PostgresGetUserByIdRepository throws","invocations":1,"location":null,"numPassingAsserts":1,"retryReasons":[],"status":"passed","title":"should throw if PostgresGetUserByIdRepository throws"}],"endTime":1788310952971,"message":"","name":"/home/chakal/Desktop/DashFinTrack-api/src/use-cases/user/get-user-balance.test.js","startTime":1788310951496,"status":"passed","summary":""},{"assertionResults":[{"ancestorTitles":["UpdateUserController"],"duration":40,"failureDetails":[],"failureMessages":[],"fullName":"UpdateUserController should return 200 if the user is successfully updated","invocations":1,"location":null,"numPassingAsserts":1,"retryReasons":[],"status":"passed","title":"should return 200 if the user is successfully updated"},{"ancestorTitles":["UpdateUserController"],"duration":3,"failureDetails":[],"failureMessages":[],"fullName":"UpdateUserController should return 400 when an invalid email is provided","invocations":1,"location":null,"numPassingAsserts":1,"retryReasons":[],"status":"passed","title":"should return 400 when an invalid email is provided"},{"ancestorTitles":["UpdateUserController"],"duration":3,"failureDetails":[],"failureMessages":[],"fullName":"UpdateUserController should return 400 when an invalid password is provided","invocations":1,"location":null,"numPassingAsserts":1,"retryReasons":[],"status":"passed","title":"should return 400 when an invalid password is provided"},{"ancestorTitles":["UpdateUserController"],"duration":2,"failureDetails":[],"failureMessages":[],"fullName":"UpdateUserController should return 400 when an invalid id is provided","invocations":1,"location":null,"numPassingAsserts":1,"retryReasons":[],"status":"passed","title":"should return 400 when an invalid id is provided"},{"ancestorTitles":["UpdateUserController"],"duration":4,"failureDetails":[],"failureMessages":[],"fullName":"UpdateUserController should return 400 when an unallowed field is provided","invocations":1,"location":null,"numPassingAsserts":1,"retryReasons":[],"status":"passed","title":"should return 400 when an unallowed field is provided"},{"ancestorTitles":["UpdateUserController"],"duration":3,"failureDetails":[],"failureMessages":[],"fullName":"UpdateUserController should return 500 if UpdateUserController throws a generic error","invocations":1,"location":null,"numPassingAsserts":1,"retryReasons":[],"status":"passed","title":"should return 500 if UpdateUserController throws a generic error"},{"ancestorTitles":["UpdateUserController"],"duration":6,"failureDetails":[],"failureMessages":[],"fullName":"UpdateUserController should return 400 if UpdateUserController throws EmailAlreadyExistsError","invocations":1,"location":null,"numPassingAsserts":1,"retryReasons":[],"status":"passed","title":"should return 400 if UpdateUserController throws EmailAlreadyExistsError"},{"ancestorTitles":["UpdateUserController"],"duration":6,"failureDetails":[],"failureMessages":[],"fullName":"UpdateUserController should call UpdateUserUseCase with correct params","invocations":1,"location":null,"numPassingAsserts":1,"retryReasons":[],"status":"passed","title":"should call UpdateUserUseCase with correct params"}],"endTime":1788310954493,"message":"","name":"/home/chakal/Desktop/DashFinTrack-api/src/controllers/user/update-user.test.js","startTime":1788310952974,"status":"passed","summary":""},{"assertionResults":[{"ancestorTitles":["UpdateTransactionController"],"duration":38,"failureDetails":[],"failureMessages":[],"fullName":"UpdateTransactionController should return 200 when updating a transaction is successful","invocations":1,"location":null,"numPassingAsserts":1,"retryReasons":[],"status":"passed","title":"should return 200 when updating a transaction is successful"},{"ancestorTitles":["UpdateTransactionController"],"duration":5,"failureDetails":[],"failureMessages":[],"fullName":"UpdateTransactionController should return 400 when the transaction ID is invalid","invocations":1,"location":null,"numPassingAsserts":1,"retryReasons":[],"status":"passed","title":"should return 400 when the transaction ID is invalid"},{"ancestorTitles":["UpdateTransactionController"],"duration":3,"failureDetails":[],"failureMessages":[],"fullName":"UpdateTransactionController should return 400 when unallowed fields are provided","invocations":1,"location":null,"numPassingAsserts":1,"retryReasons":[],"status":"passed","title":"should return 400 when unallowed fields are provided"},{"ancestorTitles":["UpdateTransactionController"],"duration":3,"failureDetails":[],"failureMessages":[],"fullName":"UpdateTransactionController should return 400 when the amount is invalid","invocations":1,"location":null,"numPassingAsserts":1,"retryReasons":[],"status":"passed","title":"should return 400 when the amount is invalid"},{"ancestorTitles":["UpdateTransactionController"],"duration":2,"failureDetails":[],"failureMessages":[],"fullName":"UpdateTransactionController should return 400 when the type is invalid","invocations":1,"location":null,"numPassingAsserts":1,"retryReasons":[],"status":"passed","title":"should return 400 when the type is invalid"},{"ancestorTitles":["UpdateTransactionController"],"duration":5,"failureDetails":[],"failureMessages":[],"fullName":"UpdateTransactionController should return 500 when updateTransactionUseCase throws","invocations":1,"location":null,"numPassingAsserts":1,"retryReasons":[],"status":"passed","title":"should return 500 when updateTransactionUseCase throws"},{"ancestorTitles":["UpdateTransactionController"],"duration":3,"failureDetails":[],"failureMessages":[],"fullName":"UpdateTransactionController should call UpdateTransactionUseCase with correct params","invocations":1,"location":null,"numPassingAsserts":1,"retryReasons":[],"status":"passed","title":"should call UpdateTransactionUseCase with correct params"}],"endTime":1788310956022,"message":"","name":"/home/chakal/Desktop/DashFinTrack-api/src/controllers/transaction/update-transaction.test.js","startTime":1788310954498,"status":"passed","summary":""},{"assertionResults":[{"ancestorTitles":["GetTransactionsByUserIdController"],"duration":70,"failureDetails":[],"failureMessages":[],"fullName":"GetTransactionsByUserIdController should return 200 when transactions are successfully retrieved","invocations":1,"location":null,"numPassingAsserts":1,"retryReasons":[],"status":"passed","title":"should return 200 when transactions are successfully retrieved"},{"ancestorTitles":["GetTransactionsByUserIdController"],"duration":4,"failureDetails":[],"failureMessages":[],"fullName":"GetTransactionsByUserIdController should return 400 when missing userId param","invocations":1,"location":null,"numPassingAsserts":1,"retryReasons":[],"status":"passed","title":"should return 400 when missing userId param"},{"ancestorTitles":["GetTransactionsByUserIdController"],"duration":3,"failureDetails":[],"failureMessages":[],"fullName":"GetTransactionsByUserIdController should return 400 when userId param is invalid","invocations":1,"location":null,"numPassingAsserts":1,"retryReasons":[],"status":"passed","title":"should return 400 when userId param is invalid"},{"ancestorTitles":["GetTransactionsByUserIdController"],"duration":3,"failureDetails":[],"failureMessages":[],"fullName":"GetTransactionsByUserIdController should return 404 when GetUserByIdUseCase throws UserNotFoundError","invocations":1,"location":null,"numPassingAsserts":1,"retryReasons":[],"status":"passed","title":"should return 404 when GetUserByIdUseCase throws UserNotFoundError"},{"ancestorTitles":["GetTransactionsByUserIdController"],"duration":3,"failureDetails":[],"failureMessages":[],"fullName":"GetTransactionsByUserIdController should return 500 when GetUserByIdUseCase throws an unexpected error","invocations":1,"location":null,"numPassingAsserts":1,"retryReasons":[],"status":"passed","title":"should return 500 when GetUserByIdUseCase throws an unexpected error"},{"ancestorTitles":["GetTransactionsByUserIdController"],"duration":5,"failureDetails":[],"failureMessages":[],"fullName":"GetTransactionsByUserIdController should call GetUserByIdUseCase with correct params","invocations":1,"location":null,"numPassingAsserts":1,"retryReasons":[],"status":"passed","title":"should call GetUserByIdUseCase with correct params"}],"endTime":1788310957393,"message":"","name":"/home/chakal/Desktop/DashFinTrack-api/src/controllers/transaction/get-transactions-by-user-id.test.js","startTime":1788310956026,"status":"passed","summary":""},{"assertionResults":[{"ancestorTitles":["PostgresCreateUserRepository"],"duration":64,"failureDetails":[],"failureMessages":[],"fullName":"PostgresCreateUserRepository should create a new user on db","invocations":1,"location":null,"numPassingAsserts":5,"retryReasons":[],"status":"passed","title":"should create a new user on db"},{"ancestorTitles":["PostgresCreateUserRepository"],"duration":12,"failureDetails":[],"failureMessages":[],"fullName":"PostgresCreateUserRepository should call Prisma with correct parameters","invocations":1,"location":null,"numPassingAsserts":1,"retryReasons":[],"status":"passed","title":"should call Prisma with correct parameters"},{"ancestorTitles":["PostgresCreateUserRepository"],"duration":24,"failureDetails":[],"failureMessages":[],"fullName":"PostgresCreateUserRepository should throw if Prisma throws","invocations":1,"location":null,"numPassingAsserts":1,"retryReasons":[],"status":"passed","title":"should throw if Prisma throws"}],"endTime":1788310958698,"message":"","name":"/home/chakal/Desktop/DashFinTrack-api/src/repositories/postgres/user/create-user.test.js","startTime":1788310957396,"status":"passed","summary":""},{"assertionResults":[{"ancestorTitles":["PostgresGetUserByIdRepository"],"duration":42,"failureDetails":[],"failureMessages":[],"fullName":"PostgresGetUserByIdRepository should get user by id","invocations":1,"location":null,"numPassingAsserts":1,"retryReasons":[],"status":"passed","title":"should get user by id"},{"ancestorTitles":["PostgresGetUserByIdRepository"],"duration":6,"failureDetails":[],"failureMessages":[],"fullName":"PostgresGetUserByIdRepository should call Prisma with correct params","invocations":1,"location":null,"numPassingAsserts":1,"retryReasons":[],"status":"passed","title":"should call Prisma with correct params"},{"ancestorTitles":["PostgresGetUserByIdRepository"],"duration":15,"failureDetails":[],"failureMessages":[],"fullName":"PostgresGetUserByIdRepository should throw if Prisma throws","invocations":1,"location":null,"numPassingAsserts":1,"retryReasons":[],"status":"passed","title":"should throw if Prisma throws"}],"endTime":1788310959959,"message":"","name":"/home/chakal/Desktop/DashFinTrack-api/src/repositories/postgres/user/get-user-by-id.test.js","startTime":1788310958702,"status":"passed","summary":""},{"assertionResults":[{"ancestorTitles":["CreateUserUseCase"],"duration":34,"failureDetails":[],"failureMessages":[],"fullName":"CreateUserUseCase should create a new user","invocations":1,"location":null,"numPassingAsserts":1,"retryReasons":[],"status":"passed","title":"should create a new user"},{"ancestorTitles":["CreateUserUseCase"],"duration":9,"failureDetails":[],"failureMessages":[],"fullName":"CreateUserUseCase should throw an EmailAlredyExistsError if GetUserByEmailRepository returns a user","invocations":1,"location":null,"numPassingAsserts":1,"retryReasons":[],"status":"passed","title":"should throw an EmailAlredyExistsError if GetUserByEmailRepository returns a user"},{"ancestorTitles":["CreateUserUseCase"],"duration":5,"failureDetails":[],"failureMessages":[],"fullName":"CreateUserUseCase should call IdGeneratorAdapter to generate a random id","invocations":1,"location":null,"numPassingAsserts":2,"retryReasons":[],"status":"passed","title":"should call IdGeneratorAdapter to generate a random id"},{"ancestorTitles":["CreateUserUseCase"],"duration":1,"failureDetails":[],"failureMessages":[],"fullName":"CreateUserUseCase should call PasswordHasherAdapter to hash the password","invocations":1,"location":null,"numPassingAsserts":2,"retryReasons":[],"status":"passed","title":"should call PasswordHasherAdapter to hash the password"},{"ancestorTitles":["CreateUserUseCase"],"duration":5,"failureDetails":[],"failureMessages":[],"fullName":"CreateUserUseCase should throw if GetUserByEmailRepository throws","invocations":1,"location":null,"numPassingAsserts":1,"retryReasons":[],"status":"passed","title":"should throw if GetUserByEmailRepository throws"},{"ancestorTitles":["CreateUserUseCase"],"duration":3,"failureDetails":[],"failureMessages":[],"fullName":"CreateUserUseCase should throw if idGeneratorAdapter throws","invocations":1,"location":null,"numPassingAsserts":1,"retryReasons":[],"status":"passed","title":"should throw if idGeneratorAdapter throws"},{"ancestorTitles":["CreateUserUseCase"],"duration":10,"failureDetails":[],"failureMessages":[],"fullName":"CreateUserUseCase should throw if PasswordHasherAdapter throws","invocations":1,"location":null,"numPassingAsserts":1,"retryReasons":[],"status":"passed","title":"should throw if PasswordHasherAdapter throws"},{"ancestorTitles":["CreateUserUseCase"],"duration":2,"failureDetails":[],"failureMessages":[],"fullName":"CreateUserUseCase should throw if CreateUserRepository throws","invocations":1,"location":null,"numPassingAsserts":1,"retryReasons":[],"status":"passed","title":"should throw if CreateUserRepository throws"}],"endTime":1788310961368,"message":"","name":"/home/chakal/Desktop/DashFinTrack-api/src/use-cases/user/create-user.test.js","startTime":1788310959968,"status":"passed","summary":""},{"assertionResults":[{"ancestorTitles":["GetTransactionsByUserIdUseCase"],"duration":35,"failureDetails":[],"failureMessages":[],"fullName":"GetTransactionsByUserIdUseCase should get transactions by user id successfully","invocations":1,"location":null,"numPassingAsserts":1,"retryReasons":[],"status":"passed","title":"should get transactions by user id successfully"},{"ancestorTitles":["GetTransactionsByUserIdUseCase"],"duration":8,"failureDetails":[],"failureMessages":[],"fullName":"GetTransactionsByUserIdUseCase should throw UserNotFoundError if user does not exist","invocations":1,"location":null,"numPassingAsserts":1,"retryReasons":[],"status":"passed","title":"should throw UserNotFoundError if user does not exist"},{"ancestorTitles":["GetTransactionsByUserIdUseCase"],"duration":5,"failureDetails":[],"failureMessages":[],"fullName":"GetTransactionsByUserIdUseCase should call GetUserByIdRepository with the correct params","invocations":1,"location":null,"numPassingAsserts":1,"retryReasons":[],"status":"passed","title":"should call GetUserByIdRepository with the correct params"},{"ancestorTitles":["GetTransactionsByUserIdUseCase"],"duration":3,"failureDetails":[],"failureMessages":[],"fullName":"GetTransactionsByUserIdUseCase should call GetTransactionsByUserIdRepository with the correct params","invocations":1,"location":null,"numPassingAsserts":1,"retryReasons":[],"status":"passed","title":"should call GetTransactionsByUserIdRepository with the correct params"},{"ancestorTitles":["GetTransactionsByUserIdUseCase"],"duration":5,"failureDetails":[],"failureMessages":[],"fullName":"GetTransactionsByUserIdUseCase should throw an error if GetTransactionsByUserIdRepository throws","invocations":1,"location":null,"numPassingAsserts":1,"retryReasons":[],"status":"passed","title":"should throw an error if GetTransactionsByUserIdRepository throws"},{"ancestorTitles":["GetTransactionsByUserIdUseCase"],"duration":3,"failureDetails":[],"failureMessages":[],"fullName":"GetTransactionsByUserIdUseCase should throw an error if GetUserByIdRepository throws","invocations":1,"location":null,"numPassingAsserts":1,"retryReasons":[],"status":"passed","title":"should throw an error if GetUserByIdRepository throws"}],"endTime":1788310962682,"message":"","name":"/home/chakal/Desktop/DashFinTrack-api/src/use-cases/transaction/get-transactions-by-user-id.test.js","startTime":1788310961371,"status":"passed","summary":""},{"assertionResults":[{"ancestorTitles":["PostgresUpdateUserRepository"],"duration":56,"failureDetails":[],"failureMessages":[],"fullName":"PostgresUpdateUserRepository should update user on db","invocations":1,"location":null,"numPassingAsserts":1,"retryReasons":[],"status":"passed","title":"should update user on db"},{"ancestorTitles":["PostgresUpdateUserRepository"],"duration":8,"failureDetails":[],"failureMessages":[],"fullName":"PostgresUpdateUserRepository should call Prisma with correct params","invocations":1,"location":null,"numPassingAsserts":1,"retryReasons":[],"status":"passed","title":"should call Prisma with correct params"},{"ancestorTitles":["PostgresUpdateUserRepository"],"duration":11,"failureDetails":[],"failureMessages":[],"fullName":"PostgresUpdateUserRepository should throw if Prisma throws","invocations":1,"location":null,"numPassingAsserts":1,"retryReasons":[],"status":"passed","title":"should throw if Prisma throws"}],"endTime":1788310964158,"message":"","name":"/home/chakal/Desktop/DashFinTrack-api/src/repositories/postgres/user/update-user.test.js","startTime":1788310962685,"status":"passed","summary":""},{"assertionResults":[{"ancestorTitles":["PostgresGetUserByEmailRepository"],"duration":53,"failureDetails":[],"failureMessages":[],"fullName":"PostgresGetUserByEmailRepository should get user by email","invocations":1,"location":null,"numPassingAsserts":1,"retryReasons":[],"status":"passed","title":"should get user by email"},{"ancestorTitles":["PostgresGetUserByEmailRepository"],"duration":7,"failureDetails":[],"failureMessages":[],"fullName":"PostgresGetUserByEmailRepository should call Prisma with correct params","invocations":1,"location":null,"numPassingAsserts":1,"retryReasons":[],"status":"passed","title":"should call Prisma with correct params"},{"ancestorTitles":["PostgresGetUserByEmailRepository"],"duration":10,"failureDetails":[],"failureMessages":[],"fullName":"PostgresGetUserByEmailRepository should throw if Prisma throws","invocations":1,"location":null,"numPassingAsserts":1,"retryReasons":[],"status":"passed","title":"should throw if Prisma throws"}],"endTime":1788310965700,"message":"","name":"/home/chakal/Desktop/DashFinTrack-api/src/repositories/postgres/user/get-user-by-email.test.js","startTime":1788310964160,"status":"passed","summary":""},{"assertionResults":[{"ancestorTitles":["GetUserByIdController"],"duration":62,"failureDetails":[],"failureMessages":[],"fullName":"GetUserByIdController should return 200 if an user is found","invocations":1,"location":null,"numPassingAsserts":1,"retryReasons":[],"status":"passed","title":"should return 200 if an user is found"},{"ancestorTitles":["GetUserByIdController"],"duration":6,"failureDetails":[],"failureMessages":[],"fullName":"GetUserByIdController should return 400 if userId is not valid","invocations":1,"location":null,"numPassingAsserts":1,"retryReasons":[],"status":"passed","title":"should return 400 if userId is not valid"},{"ancestorTitles":["GetUserByIdController"],"duration":4,"failureDetails":[],"failureMessages":[],"fullName":"GetUserByIdController should return 404 if user is not found","invocations":1,"location":null,"numPassingAsserts":1,"retryReasons":[],"status":"passed","title":"should return 404 if user is not found"},{"ancestorTitles":["GetUserByIdController"],"duration":4,"failureDetails":[],"failureMessages":[],"fullName":"GetUserByIdController should return 500 if GetUserByIdUseCase throws","invocations":1,"location":null,"numPassingAsserts":1,"retryReasons":[],"status":"passed","title":"should return 500 if GetUserByIdUseCase throws"},{"ancestorTitles":["GetUserByIdController"],"duration":4,"failureDetails":[],"failureMessages":[],"fullName":"GetUserByIdController should call GetUserByIdUseCase with correct params","invocations":1,"location":null,"numPassingAsserts":1,"retryReasons":[],"status":"passed","title":"should call GetUserByIdUseCase with correct params"}],"endTime":1788310967558,"message":"","name":"/home/chakal/Desktop/DashFinTrack-api/src/controllers/user/get-user-by-id.test.js","startTime":1788310965706,"status":"passed","summary":""},{"assertionResults":[{"ancestorTitles":["CreateTransactionUseCase"],"duration":42,"failureDetails":[],"failureMessages":[],"fullName":"CreateTransactionUseCase should create a transaction successfully","invocations":1,"location":null,"numPassingAsserts":1,"retryReasons":[],"status":"passed","title":"should create a transaction successfully"},{"ancestorTitles":["CreateTransactionUseCase"],"duration":3,"failureDetails":[],"failureMessages":[],"fullName":"CreateTransactionUseCase should call PostgresGetUserByIdRepository with the correct params","invocations":1,"location":null,"numPassingAsserts":1,"retryReasons":[],"status":"passed","title":"should call PostgresGetUserByIdRepository with the correct params"},{"ancestorTitles":["CreateTransactionUseCase"],"duration":2,"failureDetails":[],"failureMessages":[],"fullName":"CreateTransactionUseCase should call IdGeneratorAdapter","invocations":1,"location":null,"numPassingAsserts":1,"retryReasons":[],"status":"passed","title":"should call IdGeneratorAdapter"},{"ancestorTitles":["CreateTransactionUseCase"],"duration":3,"failureDetails":[],"failureMessages":[],"fullName":"CreateTransactionUseCase should call PostgresCreateUserRepository with the correct params","invocations":1,"location":null,"numPassingAsserts":1,"retryReasons":[],"status":"passed","title":"should call PostgresCreateUserRepository with the correct params"},{"ancestorTitles":["CreateTransactionUseCase"],"duration":14,"failureDetails":[],"failureMessages":[],"fullName":"CreateTransactionUseCase should throw UserNotFoundError if the user does not exist","invocations":1,"location":null,"numPassingAsserts":1,"retryReasons":[],"status":"passed","title":"should throw UserNotFoundError if the user does not exist"},{"ancestorTitles":["CreateTransactionUseCase"],"duration":4,"failureDetails":[],"failureMessages":[],"fullName":"CreateTransactionUseCase should throw if PostgresGetUserByIdRepository throws","invocations":1,"location":null,"numPassingAsserts":1,"retryReasons":[],"status":"passed","title":"should throw if PostgresGetUserByIdRepository throws"},{"ancestorTitles":["CreateTransactionUseCase"],"duration":6,"failureDetails":[],"failureMessages":[],"fullName":"CreateTransactionUseCase should throw if IdGeneratorAdapter throws","invocations":1,"location":null,"numPassingAsserts":1,"retryReasons":[],"status":"passed","title":"should throw if IdGeneratorAdapter throws"},{"ancestorTitles":["CreateTransactionUseCase"],"duration":5,"failureDetails":[],"failureMessages":[],"fullName":"CreateTransactionUseCase should throw if PostgresCreateTransactionRepository throws","invocations":1,"location":null,"numPassingAsserts":1,"retryReasons":[],"status":"passed","title":"should throw if PostgresCreateTransactionRepository throws"}],"endTime":1788310968988,"message":"","name":"/home/chakal/Desktop/DashFinTrack-api/src/use-cases/transaction/create-transaction.test.js","startTime":1788310967564,"status":"passed","summary":""},{"assertionResults":[{"ancestorTitles":["UpdateTransactionUseCase"],"duration":44,"failureDetails":[],"failureMessages":[],"fullName":"UpdateTransactionUseCase should update transaction successfully","invocations":1,"location":null,"numPassingAsserts":1,"retryReasons":[],"status":"passed","title":"should update transaction successfully"},{"ancestorTitles":["UpdateTransactionUseCase"],"duration":2,"failureDetails":[],"failureMessages":[],"fullName":"UpdateTransactionUseCase should call PostgresUpdateTransactionRepository with correct transactionId","invocations":1,"location":null,"numPassingAsserts":1,"retryReasons":[],"status":"passed","title":"should call PostgresUpdateTransactionRepository with correct transactionId"},{"ancestorTitles":["UpdateTransactionUseCase"],"duration":8,"failureDetails":[],"failureMessages":[],"fullName":"UpdateTransactionUseCase should throw if PostgresUpdateTransactionRepository throws","invocations":1,"location":null,"numPassingAsserts":1,"retryReasons":[],"status":"passed","title":"should throw if PostgresUpdateTransactionRepository throws"}],"endTime":1788310970615,"message":"","name":"/home/chakal/Desktop/DashFinTrack-api/src/use-cases/transaction/update-transaction.test.js","startTime":1788310968990,"status":"passed","summary":""},{"assertionResults":[{"ancestorTitles":["DeleteUserUseCase"],"duration":33,"failureDetails":[],"failureMessages":[],"fullName":"DeleteUserUseCase should delete a user","invocations":1,"location":null,"numPassingAsserts":1,"retryReasons":[],"status":"passed","title":"should delete a user"},{"ancestorTitles":["DeleteUserUseCase"],"duration":4,"failureDetails":[],"failureMessages":[],"fullName":"DeleteUserUseCase should call DeleteUserRepository with correct params","invocations":1,"location":null,"numPassingAsserts":1,"retryReasons":[],"status":"passed","title":"should call DeleteUserRepository with correct params"},{"ancestorTitles":["DeleteUserUseCase"],"duration":8,"failureDetails":[],"failureMessages":[],"fullName":"DeleteUserUseCase should throw if DeleteUserRepository throws","invocations":1,"location":null,"numPassingAsserts":1,"retryReasons":[],"status":"passed","title":"should throw if DeleteUserRepository throws"}],"endTime":1788310972118,"message":"","name":"/home/chakal/Desktop/DashFinTrack-api/src/use-cases/user/delete-user.test.js","startTime":1788310970619,"status":"passed","summary":""},{"assertionResults":[{"ancestorTitles":["DeleteTransactionUseCase"],"duration":36,"failureDetails":[],"failureMessages":[],"fullName":"DeleteTransactionUseCase should delete a transaction successfully","invocations":1,"location":null,"numPassingAsserts":1,"retryReasons":[],"status":"passed","title":"should delete a transaction successfully"},{"ancestorTitles":["DeleteTransactionUseCase"],"duration":4,"failureDetails":[],"failureMessages":[],"fullName":"DeleteTransactionUseCase should call PostgresDeleteTransactionRepository with the correct transaction ID","invocations":1,"location":null,"numPassingAsserts":1,"retryReasons":[],"status":"passed","title":"should call PostgresDeleteTransactionRepository with the correct transaction ID"},{"ancestorTitles":["DeleteTransactionUseCase"],"duration":8,"failureDetails":[],"failureMessages":[],"fullName":"DeleteTransactionUseCase should throw if PostgresDeleteTransactionRepository throws","invocations":1,"location":null,"numPassingAsserts":1,"retryReasons":[],"status":"passed","title":"should throw if PostgresDeleteTransactionRepository throws"}],"endTime":1788310970876,"message":"","name":"/home/chakal/Desktop/DashFinTrack-api/src/use-cases/transaction/delete-transaction.test.js","startTime":1788310972121,"status":"passed","summary":""},{"assertionResults":[{"ancestorTitles":["GetUserBalanceController"],"duration":73,"failureDetails":[],"failureMessages":[],"fullName":"GetUserBalanceController should return 200 when getting user balance","invocations":1,"location":null,"numPassingAsserts":1,"retryReasons":[],"status":"passed","title":"should return 200 when getting user balance"},{"ancestorTitles":["GetUserBalanceController"],"duration":4,"failureDetails":[],"failureMessages":[],"fullName":"GetUserBalanceController should return 404 when userId is invalid","invocations":1,"location":null,"numPassingAsserts":1,"retryReasons":[],"status":"passed","title":"should return 404 when userId is invalid"},{"ancestorTitles":["GetUserBalanceController"],"duration":6,"failureDetails":[],"failureMessages":[],"fullName":"GetUserBalanceController should return 500 if GetUserBalanceUseCase throws","invocations":1,"location":null,"numPassingAsserts":1,"retryReasons":[],"status":"passed","title":"should return 500 if GetUserBalanceUseCase throws"},{"ancestorTitles":["GetUserBalanceController"],"duration":10,"failureDetails":[],"failureMessages":[],"fullName":"GetUserBalanceController should call GetUserBalanceUseCase with correct params","invocations":1,"location":null,"numPassingAsserts":1,"retryReasons":[],"status":"passed","title":"should call GetUserBalanceUseCase with correct params"},{"ancestorTitles":["GetUserBalanceController"],"duration":5,"failureDetails":[],"failureMessages":[],"fullName":"GetUserBalanceController should return 404 if GetUserBalanceUseCase throws UserNotFoundError","invocations":1,"location":null,"numPassingAsserts":1,"retryReasons":[],"status":"passed","title":"should return 404 if GetUserBalanceUseCase throws UserNotFoundError"}],"endTime":1788310972563,"message":"","name":"/home/chakal/Desktop/DashFinTrack-api/src/controllers/user/get-user-balance.test.js","startTime":1788310970879,"status":"passed","summary":""},{"assertionResults":[{"ancestorTitles":["GetUserByIdUseCase"],"duration":33,"failureDetails":[],"failureMessages":[],"fullName":"GetUserByIdUseCase should get the user by id successfully","invocations":1,"location":null,"numPassingAsserts":1,"retryReasons":[],"status":"passed","title":"should get the user by id successfully"},{"ancestorTitles":["GetUserByIdUseCase"],"duration":3,"failureDetails":[],"failureMessages":[],"fullName":"GetUserByIdUseCase should call PostgresGetUserByIdRepository with correct params","invocations":1,"location":null,"numPassingAsserts":1,"retryReasons":[],"status":"passed","title":"should call PostgresGetUserByIdRepository with correct params"},{"ancestorTitles":["GetUserByIdUseCase"],"duration":7,"failureDetails":[],"failureMessages":[],"fullName":"GetUserByIdUseCase should throw if PostgresGetUserByIdRepository throws","invocations":1,"location":null,"numPassingAsserts":1,"retryReasons":[],"status":"passed","title":"should throw if PostgresGetUserByIdRepository throws"}],"endTime":1788310974129,"message":"","name":"/home/chakal/Desktop/DashFinTrack-api/src/use-cases/user/get-user-by-id.test.js","startTime":1788310972567,"status":"passed","summary":""},{"assertionResults":[{"ancestorTitles":["UpdateUserUseCase"],"duration":31,"failureDetails":[],"failureMessages":[],"fullName":"UpdateUserUseCase should update the user successfully (without email and password)","invocations":1,"location":null,"numPassingAsserts":1,"retryReasons":[],"status":"passed","title":"should update the user successfully (without email and password)"},{"ancestorTitles":["UpdateUserUseCase"],"duration":3,"failureDetails":[],"failureMessages":[],"fullName":"UpdateUserUseCase should update the user successfully (with email)","invocations":1,"location":null,"numPassingAsserts":2,"retryReasons":[],"status":"passed","title":"should update the user successfully (with email)"},{"ancestorTitles":["UpdateUserUseCase"],"duration":3,"failureDetails":[],"failureMessages":[],"fullName":"UpdateUserUseCase should update the user successfully (with password)","invocations":1,"location":null,"numPassingAsserts":2,"retryReasons":[],"status":"passed","title":"should update the user successfully (with password)"},{"ancestorTitles":["UpdateUserUseCase"],"duration":8,"failureDetails":[],"failureMessages":[],"fullName":"UpdateUserUseCase should throw EmailAlreadyExistsError if the email is already in use","invocations":1,"location":null,"numPassingAsserts":1,"retryReasons":[],"status":"passed","title":"should throw EmailAlreadyExistsError if the email is already in use"},{"ancestorTitles":["UpdateUserUseCase"],"duration":6,"failureDetails":[],"failureMessages":[],"fullName":"UpdateUserUseCase should call PostgresUpdateUserRepository with the correct values","invocations":1,"location":null,"numPassingAsserts":1,"retryReasons":[],"status":"passed","title":"should call PostgresUpdateUserRepository with the correct values"},{"ancestorTitles":["UpdateUserUseCase"],"duration":5,"failureDetails":[],"failureMessages":[],"fullName":"UpdateUserUseCase should throw if PostgresGetUserByEmailRepository throws","invocations":1,"location":null,"numPassingAsserts":1,"retryReasons":[],"status":"passed","title":"should throw if PostgresGetUserByEmailRepository throws"},{"ancestorTitles":["UpdateUserUseCase"],"duration":3,"failureDetails":[],"failureMessages":[],"fullName":"UpdateUserUseCase should throw if PasswordHasherAdapter throws","invocations":1,"location":null,"numPassingAsserts":1,"retryReasons":[],"status":"passed","title":"should throw if PasswordHasherAdapter throws"},{"ancestorTitles":["UpdateUserUseCase"],"duration":5,"failureDetails":[],"failureMessages":[],"fullName":"UpdateUserUseCase should throw if PostgresUpdateUserRepository throws","invocations":1,"location":null,"numPassingAsserts":1,"retryReasons":[],"status":"passed","title":"should throw if PostgresUpdateUserRepository throws"}],"endTime":1788310975477,"message":"","name":"/home/chakal/Desktop/DashFinTrack-api/src/use-cases/user/update-user.test.js","startTime":1788310974133,"status":"passed","summary":""}],"wasInterrupted":false}
